<?xml version="1.0" encoding="UTF-8"?>
<!-- Generated by org.testng.reporters.JUnitReportReporter -->
<testsuite hostname="DESKTOP-BU44OGD" failures="0" tests="10" name="testCases.OneWay" time="136.592" errors="0" timestamp="03 Oct 2021 04:11:46 GMT" skipped="2">
  <testcase classname="testCases.OneWay" name="oneWayTest1" time="25.298"/>
  <testcase classname="testCases.OneWay" name="oneWayTest1" time="19.046"/>
  <testcase classname="testCases.OneWay" name="oneWayTest2" time="15.733"/>
  <testcase classname="testCases.OneWay" name="oneWayTest2" time="15.141"/>
  <testcase classname="testCases.OneWay" name="oneWayTest3" time="19.976"/>
  <testcase classname="testCases.OneWay" name="oneWayTest4" time="19.367"/>
  <testcase classname="testCases.OneWay" name="oneWayTest5" time="19.150"/>
  <testcase classname="testCases.OneWay" name="oneWayTest6" time="2.881"/>
  <testcase classname="testCases.OneWay" name="test3">
    <skipped/>
  </testcase> <!-- test3 -->
  <testcase classname="testCases.OneWay" name="shivanitest">
    <skipped/>
  </testcase> <!-- shivanitest -->
</testsuite> <!-- testCases.OneWay -->
