<?xml version="1.0" encoding="UTF-8"?>
<!-- Generated by org.testng.reporters.JUnitReportReporter -->
<testsuite hostname="DESKTOP-BU44OGD" failures="0" tests="7" name="testCases.OneWay" time="101.095" errors="0" timestamp="30 Sep 2021 18:34:41 GMT" skipped="1">
  <testcase classname="testCases.OneWay" name="oneWayTest1" time="22.387"/>
  <testcase classname="testCases.OneWay" name="oneWayTest2" time="15.211"/>
  <testcase classname="testCases.OneWay" name="oneWayTest3" time="22.156"/>
  <testcase classname="testCases.OneWay" name="oneWayTest4" time="19.592"/>
  <testcase classname="testCases.OneWay" name="oneWayTest5" time="19.114"/>
  <testcase classname="testCases.OneWay" name="oneWayTest6" time="2.635"/>
  <testcase classname="testCases.OneWay" name="test3">
    <skipped/>
  </testcase> <!-- test3 -->
</testsuite> <!-- testCases.OneWay -->
