<?xml version="1.0" encoding="UTF-8"?>
<!-- Generated by org.testng.reporters.JUnitReportReporter -->
<testsuite hostname="DESKTOP-BU44OGD" failures="0" tests="10" name="testCases.OneWay" time="150.768" errors="0" timestamp="03 Oct 2021 14:50:08 GMT" skipped="2">
  <testcase classname="testCases.OneWay" name="oneWayTest1" time="27.625"/>
  <testcase classname="testCases.OneWay" name="oneWayTest1" time="20.532"/>
  <testcase classname="testCases.OneWay" name="oneWayTest2" time="16.871"/>
  <testcase classname="testCases.OneWay" name="oneWayTest2" time="16.810"/>
  <testcase classname="testCases.OneWay" name="oneWayTest3" time="22.870"/>
  <testcase classname="testCases.OneWay" name="oneWayTest4" time="20.210"/>
  <testcase classname="testCases.OneWay" name="oneWayTest5" time="22.988"/>
  <testcase classname="testCases.OneWay" name="oneWayTest6" time="2.862"/>
  <testcase classname="testCases.OneWay" name="test3">
    <skipped/>
  </testcase> <!-- test3 -->
  <testcase classname="testCases.OneWay" name="shivanitest">
    <skipped/>
  </testcase> <!-- shivanitest -->
</testsuite> <!-- testCases.OneWay -->
