<?xml version="1.0" encoding="UTF-8"?>
<!-- Generated by org.testng.reporters.JUnitReportReporter -->
<testsuite hostname="DESKTOP-BU44OGD" failures="0" tests="2" name="util.ExcelDataProvider" time="56.908" errors="0" timestamp="01 Oct 2021 17:59:15 GMT" skipped="0">
  <testcase classname="util.ExcelDataProvider" name="oneWayTest1" time="27.380"/>
  <testcase classname="util.ExcelDataProvider" name="oneWayTest1" time="29.528"/>
</testsuite> <!-- util.ExcelDataProvider -->
