<?xml version="1.0" encoding="UTF-8"?>
<!-- Generated by org.testng.reporters.JUnitReportReporter -->
<testsuite hostname="DESKTOP-BU44OGD" failures="0" tests="8" name="testCases.OneWayFlightBookingTest" time="155.105" errors="0" timestamp="05 Oct 2021 03:19:45 GMT" skipped="0">
  <testcase classname="testCases.OneWayFlightBookingTest" name="oneWayTest1" time="28.045"/>
  <testcase classname="testCases.OneWayFlightBookingTest" name="oneWayTest1" time="22.002"/>
  <testcase classname="testCases.OneWayFlightBookingTest" name="oneWayTest2" time="18.387"/>
  <testcase classname="testCases.OneWayFlightBookingTest" name="oneWayTest2" time="18.045"/>
  <testcase classname="testCases.OneWayFlightBookingTest" name="oneWayTest3" time="20.866"/>
  <testcase classname="testCases.OneWayFlightBookingTest" name="oneWayTest4" time="23.134"/>
  <testcase classname="testCases.OneWayFlightBookingTest" name="oneWayTest5" time="21.425"/>
  <testcase classname="testCases.OneWayFlightBookingTest" name="oneWayTest6" time="3.201"/>
</testsuite> <!-- testCases.OneWayFlightBookingTest -->
