<?xml version="1.0" encoding="UTF-8"?>
<!-- Generated by org.testng.reporters.JUnitReportReporter -->
<testsuite hostname="DESKTOP-BU44OGD" failures="0" tests="9" name="testCases.OneWay" time="44.769" errors="0" timestamp="02 Oct 2021 18:06:57 GMT" skipped="7">
  <testcase classname="testCases.OneWay" name="oneWayTest1" time="19.206"/>
  <testcase classname="testCases.OneWay" name="oneWayTest1" time="25.563"/>
  <testcase classname="testCases.OneWay" name="oneWayTest3">
    <skipped/>
  </testcase> <!-- oneWayTest3 -->
  <testcase classname="testCases.OneWay" name="test3">
    <skipped/>
  </testcase> <!-- test3 -->
  <testcase classname="testCases.OneWay" name="oneWayTest6">
    <skipped/>
  </testcase> <!-- oneWayTest6 -->
  <testcase classname="testCases.OneWay" name="oneWayTest5">
    <skipped/>
  </testcase> <!-- oneWayTest5 -->
  <testcase classname="testCases.OneWay" name="shivanitest">
    <skipped/>
  </testcase> <!-- shivanitest -->
  <testcase classname="testCases.OneWay" name="oneWayTest2">
    <skipped/>
  </testcase> <!-- oneWayTest2 -->
  <testcase classname="testCases.OneWay" name="oneWayTest4">
    <skipped/>
  </testcase> <!-- oneWayTest4 -->
</testsuite> <!-- testCases.OneWay -->
